<?xml version="1.0" encoding="UTF-8"?>
<!-- Generated by org.testng.reporters.JUnitReportReporter -->
<testsuite skipped="0" hostname="Users-MacBook-Pro.local" name="com.api.tests.GETAPINoBDD" tests="1" failures="0" timestamp="14 Jan 2020 01:55:33 GMT" time="2.537" errors="0">
  <testcase name="getUserAPITest" time="2.537" classname="com.api.tests.GETAPINoBDD"/>
</testsuite> <!-- com.api.tests.GETAPINoBDD -->
