<?xml version="1.0" encoding="UTF-8"?>
<!-- Generated by org.testng.reporters.JUnitReportReporter -->
<testsuite skipped="2" hostname="Users-MacBook-Pro.local" name="com.api.tests.GETCallAPI" tests="3" failures="0" timestamp="14 Jan 2020 01:37:44 GMT" time="2.573" errors="0">
  <testcase name="getUserWithQueryAPITest" time="2.573" classname="com.api.tests.GETCallAPI"/>
  <testcase name="getSingleUserAPITest" classname="com.api.tests.GETCallAPI">
    <skipped/>
  </testcase> <!-- getSingleUserAPITest -->
  <testcase name="getUserAPITest" classname="com.api.tests.GETCallAPI">
    <skipped/>
  </testcase> <!-- getUserAPITest -->
</testsuite> <!-- com.api.tests.GETCallAPI -->
