<?xml version="1.0" encoding="UTF-8"?>
<!-- Generated by org.testng.reporters.JUnitReportReporter -->
<testsuite skipped="0" hostname="Users-MacBook-Pro.local" name="com.api.tests.DELETECallAPI" tests="1" failures="0" timestamp="15 Jan 2020 00:39:42 GMT" time="2.716" errors="0">
  <testcase name="createUserWithPOSTTest" time="2.716" classname="com.api.tests.DELETECallAPI"/>
</testsuite> <!-- com.api.tests.DELETECallAPI -->
