<?xml version="1.0" encoding="UTF-8"?>
<!-- Generated by org.testng.reporters.JUnitReportReporter -->
<testsuite skipped="0" hostname="Users-MacBook-Pro.local" name="com.api.tests.PUTCallAPI" tests="1" failures="0" timestamp="14 Jan 2020 02:27:44 GMT" time="2.450" errors="0">
  <testcase name="updateWithPUTTest" time="2.450" classname="com.api.tests.PUTCallAPI"/>
</testsuite> <!-- com.api.tests.PUTCallAPI -->
